Arguments: 
  C:\Program Files\nodejs\node.exe C:\Users\Night Fury\AppData\Roaming\npm\node_modules\yarn\bin\yarn.js

PATH: 
  C:\Windows\system32;C:\Windows;C:\Windows\System32\Wbem;C:\Windows\System32\WindowsPowerShell\v1.0\;C:\Windows\System32\OpenSSH\;C:\Program Files\Git\cmd;C:\Program Files\nodejs\;C:\Users\Night Fury\AppData\Local\Microsoft\WindowsApps;;C:\Users\Night Fury\AppData\Local\Programs\Microsoft VS Code\bin;C:\Users\Night Fury\AppData\Roaming\npm

Yarn version: 
  1.22.19

Node version: 
  16.13.0

Platform: 
  win32 x64

Trace: 
  Error: https://registry.yarnpkg.com/moment/-/moment-2.29.4.tgz: ESOCKETTIMEDOUT
      at ClientRequest.<anonymous> (C:\Users\Night Fury\AppData\Roaming\npm\node_modules\yarn\lib\cli.js:141517:19)
      at Object.onceWrapper (node:events:509:28)
      at ClientRequest.emit (node:events:390:28)
      at TLSSocket.emitRequestTimeout (node:_http_client:763:9)
      at Object.onceWrapper (node:events:509:28)
      at TLSSocket.emit (node:events:402:35)
      at TLSSocket.Socket._onTimeout (node:net:501:8)
      at listOnTimeout (node:internal/timers:557:17)
      at processTimers (node:internal/timers:500:7)

npm manifest: 
  {
    "name": "@mixmaxhq/code-challenge-meeting-times",
    "version": "1.0.0",
    "description": "Code challenge for hiring interviews; see https://...",
    "main": "index.js",
    "scripts": {
      "test": "jest",
      "start": "concurrently 'npm run client' 'npm run server'",
      "client": "webpack --watch --mode development --entry ./client/index.js",
      "server": "nodemon server/index.js"
    },
    "repository": {
      "type": "git",
      "url": "git+ssh://git@github.com/mixmaxhq/code-challenge-meeting-times.git"
    },
    "author": "",
    "license": "UNLICENSED",
    "bugs": {
      "url": "https://github.com/mixmaxhq/code-challenge-meeting-times/issues"
    },
    "homepage": "https://github.com/mixmaxhq/code-challenge-meeting-times#readme",
    "devDependencies": {
      "@babel/core": "^7.16.0",
      "@babel/preset-env": "^7.16.4",
      "@babel/preset-react": "^7.16.0",
      "babel-loader": "^8.2.3",
      "concurrently": "^6.4.0",
      "css-loader": "^6.5.1",
      "eslint": "^8.4.1",
      "eslint-plugin-react": "^7.27.1",
      "html-webpack-plugin": "^5.5.0",
      "jest": "^27.3.1",
      "nodemon": "^2.0.15",
      "style-loader": "^3.3.1",
      "supertest": "^6.1.6",
      "webpack": "^5.64.1",
      "webpack-cli": "^4.9.1"
    },
    "dependencies": {
      "db": "file:./mock/db",
      "express": "^4.17.1",
      "moment": "^2.29.1",
      "random": "^3.0.6",
      "react": "^17.0.2",
      "react-dom": "^17.0.2",
      "seedrandom": "^3.0.5"
    }
  }

yarn manifest: 
  No manifest

Lockfile: 
  No lockfile
